<?xml version="1.0" encoding="UTF-8"?>
<!-- Generated by org.testng.reporters.JUnitReportReporter -->
<testsuite hostname="DESKTOP-QNHJ5Q7" name="testNGExample.testNgAnnotations" tests="2" failures="0" timestamp="5 Dec 2022 15:35:36 GMT" time="0.015" errors="0">
  <testcase name="login" time="0.015" classname="testNGExample.testNgAnnotations"/>
  <testcase name="logout" time="0.000" classname="testNGExample.testNgAnnotations"/>
</testsuite> <!-- testNGExample.testNgAnnotations -->
