<?xml version="1.0" encoding="UTF-8"?>
<!-- Generated by org.testng.reporters.JUnitReportReporter -->
<testsuite hostname="DESKTOP-QNHJ5Q7" name="locatorExample.helen" tests="1" failures="0" timestamp="29 Nov 2022 09:51:14 GMT" time="7.244" errors="0">
  <testcase name="verify" time="7.244" classname="locatorExample.helen"/>
</testsuite> <!-- locatorExample.helen -->
