<?xml version="1.0" encoding="UTF-8"?>
<!-- Generated by org.testng.reporters.JUnitReportReporter -->
<testsuite skipped="1" hostname="DESKTOP-QNHJ5Q7" name="locatorExample.loginTest" tests="1" failures="0" timestamp="2022-12-01T02:08:35 PST" time="0.000" errors="0">
  <testcase name="verifyLogin" time="0.000" classname="locatorExample.loginTest">
    <skipped/>
  </testcase> <!-- verifyLogin -->
</testsuite> <!-- locatorExample.loginTest -->
